[2016-03-24 18:15:30] START
[2016-03-24 18:16:23] EDIT FOODILY/models/db.py: 5
[2016-03-24 18:20:25] EDIT FOODILY/controllers/default.py: 0
[2016-03-24 18:21:09] EDIT FOODILY/controllers/default.py: 0
[2016-03-24 18:32:03] EDIT FOODILY/views/default/index.html: -7
[2016-03-24 18:32:45] EDIT FOODILY/views/default/index.html: 0
[2016-03-24 18:32:50] EDIT FOODILY/views/default/index.html: 0
[2016-03-24 18:33:02] EDIT FOODILY/views/default/index.html: 0
[2016-03-24 18:33:52] EDIT FOODILY/views/default/index.html: 0
[2016-03-24 18:34:10] EDIT FOODILY/views/default/index.html: 0
[2016-03-24 18:45:14] EDIT FOODILY/controllers/default.py: 0
[2016-03-24 18:45:37] EDIT FOODILY/models/menu.py: 0
[2016-03-24 18:46:34] EDIT FOODILY/controllers/default.py: 0
[2016-03-24 18:46:58] EDIT FOODILY/controllers/default.py: 0
[2016-03-24 19:10:25] EDIT FOODILY/views/default/index.html: -1
[2016-03-24 19:12:47] EDIT FOODILY/views/default/index.html: 0
[2016-03-24 19:12:48] EDIT FOODILY/views/default/index.html: 0
[2016-03-24 19:18:02] EDIT FOODILY/models/menu.py: -102
[2016-03-24 19:18:21] EDIT FOODILY/models/menu.py: -2
[2016-03-24 19:26:35] EDIT FOODILY/models/menu.py: -2
[2016-03-24 19:47:33] EDIT FOODILY/static/css/web2py_bootstrap.css: 1
[2016-03-24 19:49:26] EDIT FOODILY/static/css/web2py_bootstrap.css: 0
[2016-03-24 19:50:32] UPLOAD /home/navya/itws2/web2pynew/applications/FOODILY/static/fc.jpg: 27577
[2016-03-24 19:51:38] DELETE FOODILY/static/fc.jpg: -27577
[2016-03-24 19:51:58] UPLOAD /home/navya/itws2/web2pynew/applications/FOODILY/static/fc.jpg: 27577
[2016-03-24 19:54:55] DELETE FOODILY/static/fc.jpg: -27577
[2016-03-24 19:56:38] UPLOAD /home/navya/itws2/web2pynew/applications/FOODILY/static/fc.jpg: 27577
[2016-03-24 20:16:14] EDIT FOODILY/models/db.py: 16
[2016-03-24 20:20:18] EDIT FOODILY/controllers/default.py: 102
[2016-03-24 20:29:36] CREATE default/creat_post.html: 0
[2016-03-24 20:30:20] EDIT FOODILY/views/default/creat_post.html: 13
[2016-03-24 20:32:39] CREATE default/editpost.html: 0
[2016-03-24 20:32:56] EDIT FOODILY/views/default/editpost.html: 0
[2016-03-24 20:33:26] CREATE default/home.html: 0
[2016-03-24 20:33:52] EDIT FOODILY/views/default/home.html: 20
[2016-03-24 20:33:54] EDIT FOODILY/views/default/home.html: 0
[2016-03-24 20:34:39] CREATE default/homepage.html: 0
[2016-03-24 20:35:12] EDIT FOODILY/views/default/homepage.html: 19
[2016-03-24 20:36:08] CREATE default/update_my_info.html: 0
[2016-03-24 20:36:26] EDIT FOODILY/views/default/update_my_info.html: 9
[2016-03-24 20:37:08] CREATE default/view_people.html: 0
[2016-03-24 20:37:25] EDIT FOODILY/views/default/view_people.html: 21
[2016-03-24 20:37:26] EDIT FOODILY/views/default/view_people.html: 0
[2016-03-24 20:38:02] CREATE default/viewallposts.html: 0
[2016-03-24 20:38:34] EDIT FOODILY/views/default/viewallposts.html: 43
[2016-03-24 20:38:36] EDIT FOODILY/views/default/viewallposts.html: 0
[2016-03-24 20:39:21] CREATE default/viewmyposts.html: 0
[2016-03-24 20:39:36] EDIT FOODILY/views/default/viewmyposts.html: 11
[2016-03-24 20:41:16] EDIT FOODILY/models/db.py: 4
[2016-03-24 20:42:40] EDIT FOODILY/models/db.py: 0
[2016-03-24 20:42:42] EDIT FOODILY/models/db.py: 0
[2016-03-24 20:44:45] EDIT FOODILY/models/db.py: 0
[2016-03-24 20:50:35] EDIT FOODILY/controllers/default.py: 0
[2016-03-24 20:53:11] EDIT FOODILY/views/default/home.html: 0
[2016-03-24 20:53:31] EDIT FOODILY/views/default/home.html: 0
[2016-03-24 21:01:54] EDIT FOODILY/models/db.py: -7
[2016-03-24 21:02:15] EDIT FOODILY/models/db.py: 0
[2016-03-24 21:10:53] EDIT FOODILY/controllers/default.py: 1
[2016-03-24 21:11:13] EDIT FOODILY/controllers/default.py: 0
[2016-03-24 21:11:15] EDIT FOODILY/controllers/default.py: 0
[2016-03-24 21:11:15] EDIT FOODILY/controllers/default.py: 0
[2016-03-24 21:11:15] EDIT FOODILY/controllers/default.py: 0
[2016-03-24 21:11:16] EDIT FOODILY/controllers/default.py: 0
[2016-03-24 21:11:16] EDIT FOODILY/controllers/default.py: 0
[2016-03-24 21:11:16] EDIT FOODILY/controllers/default.py: 0
[2016-03-24 21:11:16] EDIT FOODILY/controllers/default.py: 0
[2016-03-24 21:11:59] EDIT FOODILY/controllers/default.py: 0
[2016-03-24 21:13:09] EDIT FOODILY/controllers/default.py: -1
[2016-03-24 21:39:17] EDIT FOODILY/views/default/home.html: 0
[2016-03-24 21:42:38] EDIT FOODILY/views/default/viewmyposts.html: 29
[2016-03-24 21:49:37] CREATE default/create_post.html: 0
[2016-03-24 21:50:14] EDIT FOODILY/views/default/create_post.html: 13
[2016-03-24 21:59:49] DELETE FOODILY/views/default/creat_post.html: -16
[2016-03-24 22:02:35] EDIT FOODILY/controllers/default.py: 0
[2016-03-26 20:15:58] EDIT FOODILY/models/menu.py: -3
[2016-03-26 21:01:03] EDIT FOODILY/views/default/create_post.html: 0
[2016-03-26 21:02:02] EDIT FOODILY/views/default/home.html: 0
[2016-03-26 21:02:39] EDIT FOODILY/views/default/homepage.html: 0
[2016-03-26 21:03:31] EDIT FOODILY/views/default/update_my_info.html: 0
[2016-03-26 21:04:04] EDIT FOODILY/views/default/view_people.html: 0
[2016-03-26 21:04:35] EDIT FOODILY/views/default/viewallposts.html: 0
[2016-03-26 21:05:00] EDIT FOODILY/views/default/viewmyposts.html: 0
[2016-03-26 21:05:22] EDIT FOODILY/views/default/view_people.html: 0
[2016-03-26 21:05:41] EDIT FOODILY/views/default/update_my_info.html: 0
[2016-03-26 21:13:40] EDIT FOODILY/controllers/default.py: 0
[2016-03-26 21:20:55] EDIT FOODILY/views/default/create_post.html: 0
[2016-03-26 21:23:22] EDIT FOODILY/views/default/viewallposts.html: 0
[2016-03-26 21:24:16] EDIT FOODILY/views/default/viewallposts.html: 0
[2016-03-26 21:24:53] EDIT FOODILY/views/default/viewmyposts.html: 0
[2016-03-26 21:31:13] EDIT FOODILY/views/default/viewmyposts.html: 0
[2016-03-26 21:32:25] EDIT FOODILY/views/default/viewmyposts.html: 0
[2016-03-26 21:33:37] EDIT FOODILY/views/default/viewmyposts.html: 0
[2016-03-26 21:36:54] EDIT FOODILY/views/default/viewmyposts.html: 0
[2016-03-26 21:38:13] EDIT FOODILY/views/default/viewmyposts.html: 0
[2016-03-26 21:38:26] EDIT FOODILY/views/default/viewmyposts.html: 0
[2016-03-26 21:41:00] EDIT FOODILY/views/default/viewmyposts.html: 8
[2016-03-26 21:42:06] EDIT FOODILY/views/default/viewmyposts.html: 3
[2016-03-26 21:42:26] EDIT FOODILY/views/default/viewmyposts.html: -3
[2016-03-26 21:42:53] EDIT FOODILY/views/default/viewmyposts.html: -2
[2016-03-26 21:44:33] EDIT FOODILY/views/default/viewmyposts.html: 0
[2016-03-26 21:45:29] EDIT FOODILY/views/default/viewmyposts.html: -1
[2016-03-26 21:45:52] EDIT FOODILY/views/default/viewmyposts.html: 1
[2016-03-26 21:46:34] EDIT FOODILY/views/default/viewallposts.html: 6
[2016-03-26 21:46:46] EDIT FOODILY/views/default/view_people.html: 6
[2016-03-26 21:47:05] EDIT FOODILY/views/default/update_my_info.html: 6
[2016-03-26 21:47:23] EDIT FOODILY/views/default/homepage.html: 6
[2016-03-26 21:47:38] EDIT FOODILY/views/default/home.html: 6
[2016-03-26 21:47:55] EDIT FOODILY/views/default/create_post.html: 6
[2016-03-26 21:49:11] EDIT FOODILY/views/default/create_post.html: 1
[2016-03-26 21:50:19] EDIT FOODILY/views/default/create_post.html: 0
[2016-03-26 21:50:41] EDIT FOODILY/views/default/create_post.html: 0
[2016-03-26 21:51:34] EDIT FOODILY/views/default/create_post.html: 0
[2016-03-26 21:52:32] EDIT FOODILY/views/default/create_post.html: 0
[2016-03-26 21:52:45] EDIT FOODILY/views/default/create_post.html: 0
[2016-03-26 21:52:57] EDIT FOODILY/views/default/create_post.html: 0
[2016-03-26 21:53:08] EDIT FOODILY/views/default/create_post.html: 0
[2016-03-26 21:53:18] EDIT FOODILY/views/default/create_post.html: 0
[2016-03-26 21:53:54] EDIT FOODILY/views/default/create_post.html: 0
[2016-03-26 21:54:03] EDIT FOODILY/views/default/create_post.html: 0
[2016-03-26 21:54:28] EDIT FOODILY/views/default/home.html: 1
[2016-03-26 21:54:41] EDIT FOODILY/views/default/homepage.html: 1
[2016-03-26 21:54:58] EDIT FOODILY/views/default/update_my_info.html: 1
[2016-03-26 21:55:08] EDIT FOODILY/views/default/viewallposts.html: 1
[2016-03-26 21:55:17] EDIT FOODILY/views/default/viewmyposts.html: 0
[2016-03-26 21:55:19] EDIT FOODILY/views/default/viewmyposts.html: 1
[2016-03-26 21:55:56] EDIT FOODILY/views/default/view_people.html: 1
[2016-03-26 21:58:56] CREATE jhkdasdh: 0
[2016-03-26 21:59:09] DELETE FOODILY/static/jhkdasdh: 0
[2016-03-26 21:59:26] DELETE FOODILY/static/fc.jpg: -27577
[2016-03-26 22:00:00] UPLOAD /home/navya/itws2/web2pynew/applications/FOODILY/static/fc.jpg: 27577
[2016-03-26 22:00:48] UPLOAD /home/navya/itws2/web2pynew/applications/FOODILY/private/fc.jpg: 27577
[2016-03-26 22:10:28] DELETE FOODILY/private/fc.jpg: -27577
[2016-03-26 22:15:00] EDIT FOODILY/models/db.py: 2
[2016-03-26 22:18:32] EDIT FOODILY/models/db.py: 1
[2016-03-26 22:19:54] EDIT FOODILY/views/default/create_post.html: 1
[2016-03-26 22:25:15] EDIT FOODILY/models/db.py: -1
[2016-03-26 22:25:24] EDIT FOODILY/models/db.py: 0
[2016-03-26 22:25:25] EDIT FOODILY/models/db.py: 0
[2016-03-26 22:26:03] EDIT FOODILY/models/db.py: 0
[2016-03-26 22:26:47] EDIT FOODILY/models/db.py: 0
[2016-03-26 22:27:07] EDIT FOODILY/views/default/create_post.html: -1
[2016-03-26 22:28:46] EDIT FOODILY/models/db.py: 0
[2016-03-26 22:31:59] EDIT FOODILY/models/db.py: 1
[2016-03-26 22:36:48] EDIT FOODILY/models/db.py: 2
[2016-03-26 22:36:55] EDIT FOODILY/models/db.py: 0
[2016-03-26 22:40:12] EDIT FOODILY/controllers/default.py: 2
[2016-03-26 22:41:02] EDIT FOODILY/views/default/create_post.html: 1
[2016-03-26 22:41:21] EDIT FOODILY/views/default/create_post.html: -1
[2016-03-26 22:41:49] EDIT FOODILY/controllers/default.py: -2
[2016-03-26 22:41:52] EDIT FOODILY/controllers/default.py: 0
[2016-03-26 22:42:51] EDIT FOODILY/models/db.py: -5
[2016-03-26 22:42:58] EDIT FOODILY/models/db.py: 0
[2016-03-28 09:11:30] EDIT FOODILY/models/menu.py: -1
[2016-03-28 09:11:56] EDIT FOODILY/models/menu.py: 0
[2016-03-28 09:12:09] EDIT FOODILY/models/menu.py: 0
[2016-03-28 09:15:42] UPLOAD /home/navya/itws2/web2pynew/applications/FOODILY/static/LooeFoodFestivalLogo.gif: 66
[2016-03-28 09:16:48] EDIT FOODILY/models/menu.py: 2
[2016-03-28 09:17:13] EDIT FOODILY/models/menu.py: 0
[2016-03-28 09:17:46] EDIT FOODILY/models/menu.py: -2
[2016-03-28 09:18:42] EDIT FOODILY/models/menu.py: 1
[2016-03-28 09:19:52] UPLOAD /home/navya/itws2/web2pynew/applications/FOODILY/static/logo.jpg: 69
[2016-03-28 09:20:10] EDIT FOODILY/models/menu.py: 0
[2016-03-28 09:21:40] UPLOAD /home/navya/itws2/web2pynew/applications/FOODILY/static/logo2.png: 39
[2016-03-28 09:21:52] UPLOAD /home/navya/itws2/web2pynew/applications/FOODILY/static/logo3.png: 124
[2016-03-28 09:22:09] EDIT FOODILY/models/menu.py: 0
[2016-03-28 09:23:00] EDIT FOODILY/models/menu.py: 0
[2016-03-28 09:23:50] EDIT FOODILY/models/menu.py: 0
[2016-03-28 09:24:39] EDIT FOODILY/models/menu.py: 0
[2016-03-28 09:24:59] EDIT FOODILY/models/menu.py: 0
[2016-03-28 09:25:38] EDIT FOODILY/models/menu.py: 0
[2016-03-28 09:27:04] EDIT FOODILY/models/menu.py: 1
[2016-03-28 09:27:21] UPLOAD /home/navya/itws2/web2pynew/applications/FOODILY/static/logo4.png: 88
[2016-03-28 09:27:34] EDIT FOODILY/models/menu.py: 0
[2016-03-28 09:28:05] EDIT FOODILY/models/menu.py: -1
[2016-03-28 09:29:50] EDIT FOODILY/models/menu.py: 0
[2016-03-28 09:30:10] UPLOAD /home/navya/itws2/web2pynew/applications/FOODILY/static/logo5.png: 38
[2016-03-28 09:30:17] EDIT FOODILY/models/menu.py: 0
[2016-03-28 09:30:43] EDIT FOODILY/models/menu.py: 0
[2016-03-28 09:30:59] EDIT FOODILY/models/menu.py: 0
[2016-03-28 09:31:08] EDIT FOODILY/models/menu.py: 0
[2016-03-28 09:32:10] EDIT FOODILY/models/menu.py: 0
[2016-03-28 09:32:28] UPLOAD /home/navya/itws2/web2pynew/applications/FOODILY/static/logo6.png: 96
[2016-03-28 09:32:34] EDIT FOODILY/models/menu.py: 0
[2016-03-28 09:38:02] UPLOAD /home/navya/itws2/web2pynew/applications/FOODILY/static/logof.png: 38
[2016-03-28 09:38:13] EDIT FOODILY/models/menu.py: 0
[2016-03-28 09:41:07] UPLOAD /home/navya/itws2/web2pynew/applications/FOODILY/private/logo6.jpg: 15
[2016-03-28 09:41:24] EDIT FOODILY/models/menu.py: 0
[2016-03-28 09:42:15] UPLOAD /home/navya/itws2/web2pynew/applications/FOODILY/private/lg.png: 28
[2016-03-28 09:42:30] EDIT FOODILY/models/menu.py: 0
[2016-03-28 09:42:44] EDIT FOODILY/models/menu.py: 0
[2016-03-28 09:42:55] EDIT FOODILY/models/menu.py: 0
[2016-03-28 09:43:54] EDIT FOODILY/models/menu.py: 0
[2016-03-28 09:44:56] EDIT FOODILY/models/menu.py: 0
[2016-03-28 09:45:10] EDIT FOODILY/models/menu.py: 0
[2016-03-28 09:45:30] EDIT FOODILY/models/menu.py: 0
[2016-03-28 09:45:46] EDIT FOODILY/models/menu.py: 0
[2016-03-28 09:48:51] EDIT FOODILY/models/menu.py: 0
[2016-03-28 09:49:31] UPLOAD /home/navya/itws2/web2pynew/applications/FOODILY/static/lg.png: 28
[2016-03-28 09:49:42] EDIT FOODILY/models/menu.py: 0
[2016-03-28 09:51:58] EDIT FOODILY/models/menu.py: 0
[2016-03-28 09:52:13] UPLOAD /home/navya/itws2/web2pynew/applications/FOODILY/static/ff.png: 50
[2016-03-28 09:54:41] UPLOAD /home/navya/itws2/web2pynew/applications/FOODILY/static/fff.png: 38
[2016-03-28 09:54:50] EDIT FOODILY/models/menu.py: 0
[2016-03-28 09:55:30] EDIT FOODILY/models/menu.py: 0
[2016-03-28 09:56:04] UPLOAD /home/navya/itws2/web2pynew/applications/FOODILY/static/f.png: 18
[2016-03-28 10:00:37] UPLOAD /home/navya/itws2/web2pynew/applications/FOODILY/static/f2.png: 21
[2016-03-28 10:00:45] EDIT FOODILY/models/menu.py: 0
[2016-03-28 10:01:38] EDIT FOODILY/models/menu.py: 0
[2016-03-28 10:01:54] UPLOAD /home/navya/itws2/web2pynew/applications/FOODILY/static/logo4(2).png: 19
[2016-03-28 10:02:20] UPLOAD /home/navya/itws2/web2pynew/applications/FOODILY/static/f3.png: 19
[2016-03-28 13:40:43] EDIT FOODILY/models/menu.py: 0
[2016-03-28 13:41:02] EDIT FOODILY/models/menu.py: 0
[2016-03-28 13:44:04] EDIT FOODILY/static/css/web2py_bootstrap.css: 0
[2016-03-28 13:44:20] EDIT FOODILY/static/css/web2py_bootstrap.css: 0
[2016-03-28 13:44:37] EDIT FOODILY/static/css/web2py_bootstrap.css: 0
[2016-03-28 13:44:59] EDIT FOODILY/static/css/web2py_bootstrap.css: 0
[2016-03-28 13:45:11] EDIT FOODILY/static/css/web2py_bootstrap.css: 0
[2016-03-28 13:45:28] EDIT FOODILY/static/css/web2py_bootstrap.css: 0
[2016-03-28 13:45:29] EDIT FOODILY/static/css/web2py_bootstrap.css: 0
[2016-03-28 13:45:42] EDIT FOODILY/static/css/web2py_bootstrap.css: 0
[2016-03-28 13:45:58] EDIT FOODILY/static/css/web2py_bootstrap.css: 0
[2016-03-28 14:00:04] EDIT FOODILY/static/css/web2py_bootstrap.css: 0
[2016-03-28 14:01:13] EDIT FOODILY/static/css/web2py_bootstrap.css: 0
[2016-03-28 14:05:50] EDIT FOODILY/static/css/web2py_bootstrap.css: 0
[2016-03-28 14:07:13] EDIT FOODILY/static/css/web2py_bootstrap.css: -1
[2016-03-28 14:07:21] EDIT FOODILY/static/css/web2py_bootstrap.css: 1
[2016-03-28 14:09:37] EDIT FOODILY/views/default/index.html: 3
[2016-03-28 14:10:31] EDIT FOODILY/views/default/index.html: 0
[2016-03-28 14:16:07] UPLOAD /home/navya/itws2/web2pynew/applications/FOODILY/static/wood.jpg: 2568
[2016-03-28 14:16:18] UPLOAD /home/navya/itws2/web2pynew/applications/FOODILY/static/wood2.png: 2323
[2016-03-28 14:16:39] EDIT FOODILY/views/default/index.html: 0
[2016-03-28 14:17:00] EDIT FOODILY/views/default/index.html: 0
[2016-03-28 14:19:10] EDIT FOODILY/views/default/index.html: 3
[2016-03-28 14:20:25] EDIT FOODILY/views/default/index.html: 0
[2016-03-28 14:20:53] EDIT FOODILY/views/default/index.html: -3
[2016-03-28 14:22:18] EDIT FOODILY/views/layout.html: 3
[2016-03-28 14:22:30] EDIT FOODILY/views/layout.html: 0
[2016-03-28 14:22:31] EDIT FOODILY/views/layout.html: 0
[2016-03-28 14:23:23] EDIT FOODILY/views/layout.html: 0
[2016-03-28 14:24:40] EDIT FOODILY/static/css/web2py_bootstrap.css: 0
[2016-03-28 14:24:53] EDIT FOODILY/static/css/web2py_bootstrap.css: 0
[2016-03-28 14:25:05] EDIT FOODILY/static/css/web2py_bootstrap.css: 0
[2016-03-28 14:25:06] EDIT FOODILY/static/css/web2py_bootstrap.css: 0
[2016-03-28 14:25:20] EDIT FOODILY/static/css/web2py_bootstrap.css: 0
[2016-03-28 14:25:32] EDIT FOODILY/static/css/web2py_bootstrap.css: 0
[2016-03-28 14:26:12] EDIT FOODILY/static/css/web2py_bootstrap.css: 0
[2016-03-28 14:26:29] EDIT FOODILY/static/css/web2py_bootstrap.css: 0
[2016-03-28 14:26:52] EDIT FOODILY/static/css/web2py_bootstrap.css: 0
[2016-03-28 14:27:08] EDIT FOODILY/static/css/web2py_bootstrap.css: 0
[2016-03-28 14:27:36] EDIT FOODILY/static/css/web2py_bootstrap.css: 0
[2016-03-28 14:28:02] EDIT FOODILY/static/css/web2py_bootstrap.css: 0
[2016-03-28 14:28:36] EDIT FOODILY/static/css/web2py_bootstrap.css: 0
[2016-03-28 14:28:48] EDIT FOODILY/static/css/web2py_bootstrap.css: 0
[2016-03-28 14:29:39] EDIT FOODILY/static/css/web2py_bootstrap.css: 0
[2016-03-28 14:29:51] EDIT FOODILY/static/css/web2py_bootstrap.css: 0
[2016-03-28 14:30:23] EDIT FOODILY/static/css/web2py_bootstrap.css: 0
[2016-03-28 14:30:33] EDIT FOODILY/static/css/web2py_bootstrap.css: 0
[2016-03-28 14:30:46] EDIT FOODILY/static/css/web2py_bootstrap.css: 0
[2016-03-28 14:31:24] EDIT FOODILY/static/css/web2py_bootstrap.css: 0
[2016-03-28 14:31:56] EDIT FOODILY/static/css/web2py_bootstrap.css: 0
[2016-03-28 14:34:08] EDIT FOODILY/views/layout.html: 0
[2016-03-28 14:34:46] EDIT FOODILY/views/layout.html: 0
[2016-03-28 14:35:45] EDIT FOODILY/views/layout.html: 0
[2016-03-28 14:36:18] EDIT FOODILY/views/layout.html: 0
[2016-03-28 14:38:34] EDIT FOODILY/static/css/web2py_bootstrap.css: -1
[2016-03-28 14:38:49] EDIT FOODILY/static/css/web2py_bootstrap.css: 0
[2016-03-28 14:39:07] EDIT FOODILY/static/css/web2py_bootstrap.css: 0
[2016-03-28 14:39:17] EDIT FOODILY/static/css/web2py_bootstrap.css: 0
[2016-03-28 14:41:57] EDIT FOODILY/static/css/web2py_bootstrap.css: 0
[2016-03-28 14:43:56] EDIT FOODILY/views/default/index.html: 0
[2016-03-28 14:44:15] EDIT FOODILY/views/default/index.html: 0
[2016-03-28 14:53:39] EDIT FOODILY/views/layout.html: -3
[2016-03-28 14:54:59] EDIT FOODILY/views/layout.html: 3
[2016-03-28 14:56:04] EDIT FOODILY/views/layout.html: 0
[2016-03-28 14:57:55] EDIT FOODILY/views/layout.html: 1
[2016-03-28 14:59:43] EDIT FOODILY/views/layout.html: 0
[2016-03-28 14:59:45] EDIT FOODILY/views/layout.html: 0
[2016-03-28 15:00:12] EDIT FOODILY/views/layout.html: 0
[2016-03-28 15:00:24] EDIT FOODILY/views/layout.html: 0
[2016-03-28 15:00:34] EDIT FOODILY/views/layout.html: 0
[2016-03-28 15:01:43] EDIT FOODILY/views/layout.html: -2
[2016-03-28 15:01:43] EDIT FOODILY/views/layout.html: 0
[2016-03-28 15:01:44] EDIT FOODILY/views/layout.html: 0
[2016-03-28 15:01:44] EDIT FOODILY/views/layout.html: 0
[2016-03-28 15:02:54] EDIT FOODILY/static/css/web2py_bootstrap.css: 0
[2016-03-28 15:03:08] EDIT FOODILY/static/css/web2py_bootstrap.css: 0
[2016-03-28 15:03:34] EDIT FOODILY/static/css/web2py_bootstrap.css: 0
[2016-03-28 15:03:45] EDIT FOODILY/static/css/web2py_bootstrap.css: 0
[2016-03-28 15:04:00] EDIT FOODILY/static/css/web2py_bootstrap.css: 0
[2016-03-28 15:04:18] EDIT FOODILY/static/css/web2py_bootstrap.css: 0
[2016-03-28 15:04:48] EDIT FOODILY/static/css/web2py_bootstrap.css: 0
[2016-03-28 15:09:19] UPLOAD /home/navya/itws2/web2pynew/applications/FOODILY/static/bc.jpg: 549
[2016-03-28 15:09:39] EDIT FOODILY/views/layout.html: 0
[2016-03-28 15:10:11] EDIT FOODILY/views/default/index.html: 0
[2016-03-28 15:11:41] UPLOAD /home/navya/itws2/web2pynew/applications/FOODILY/static/bc2.jpg: 418
[2016-03-28 15:11:58] EDIT FOODILY/views/default/index.html: 0
[2016-03-28 15:12:56] EDIT FOODILY/views/default/index.html: 0
[2016-03-28 15:17:01] UPLOAD /home/navya/itws2/web2pynew/applications/FOODILY/static/bc2.png: 1796
[2016-03-28 15:17:23] EDIT FOODILY/views/default/index.html: 0
[2016-03-28 15:19:03] UPLOAD /home/navya/itws2/web2pynew/applications/FOODILY/static/bcc.jpg: 304
[2016-03-28 15:19:37] EDIT FOODILY/views/default/index.html: 0
[2016-03-28 15:22:51] UPLOAD /home/navya/itws2/web2pynew/applications/FOODILY/static/fi.jpg: 292
[2016-03-28 15:23:14] EDIT FOODILY/views/layout.html: 0
[2016-03-28 15:24:33] EDIT FOODILY/views/default/index.html: 0
[2016-03-28 15:25:51] UPLOAD /home/navya/itws2/web2pynew/applications/FOODILY/static/fc2.jpg: 156
[2016-03-28 15:26:06] EDIT FOODILY/views/layout.html: 0
[2016-03-28 15:26:26] EDIT FOODILY/views/layout.html: 0
[2016-03-28 15:26:36] EDIT FOODILY/views/layout.html: 0
[2016-03-28 15:32:53] EDIT FOODILY/views/layout.html: 0
[2016-03-28 15:33:48] EDIT FOODILY/views/layout.html: 0
[2016-03-28 15:33:51] EDIT FOODILY/views/layout.html: 0
[2016-03-28 15:34:15] EDIT FOODILY/views/layout.html: 0
[2016-03-28 15:34:17] EDIT FOODILY/views/layout.html: 0
[2016-03-28 15:34:36] EDIT FOODILY/views/layout.html: 0
[2016-03-28 15:35:02] EDIT FOODILY/views/layout.html: 0
[2016-03-28 15:35:03] EDIT FOODILY/views/layout.html: 0
[2016-03-28 15:35:35] EDIT FOODILY/views/layout.html: 0
[2016-03-28 15:35:39] EDIT FOODILY/views/layout.html: 0
[2016-03-28 15:35:56] EDIT FOODILY/views/layout.html: 0
[2016-03-28 15:36:16] EDIT FOODILY/views/layout.html: 0
[2016-03-28 15:36:34] EDIT FOODILY/views/layout.html: 0
[2016-03-28 15:36:56] EDIT FOODILY/views/layout.html: 0
[2016-03-28 15:37:10] EDIT FOODILY/views/layout.html: 0
[2016-03-28 15:37:32] EDIT FOODILY/views/layout.html: 0
[2016-03-28 15:37:47] EDIT FOODILY/views/layout.html: 0
[2016-03-28 15:38:49] EDIT FOODILY/views/layout.html: 0
[2016-03-28 15:39:25] EDIT FOODILY/views/layout.html: 0
[2016-03-28 15:39:47] EDIT FOODILY/views/layout.html: 0
[2016-03-28 15:40:15] EDIT FOODILY/views/layout.html: 0
[2016-03-28 15:40:46] EDIT FOODILY/views/layout.html: 0
[2016-03-28 15:41:04] EDIT FOODILY/views/layout.html: 0
[2016-03-28 15:41:53] EDIT FOODILY/static/css/web2py_bootstrap.css: 0
[2016-03-28 15:42:17] EDIT FOODILY/static/css/web2py_bootstrap.css: 0
[2016-03-28 15:42:54] EDIT FOODILY/static/css/web2py_bootstrap.css: 0
[2016-03-28 15:43:10] EDIT FOODILY/static/css/web2py_bootstrap.css: 0
[2016-03-28 15:43:28] EDIT FOODILY/static/css/web2py_bootstrap.css: 0
[2016-03-28 15:43:40] EDIT FOODILY/static/css/web2py_bootstrap.css: 0
[2016-03-28 15:44:28] EDIT FOODILY/static/css/web2py_bootstrap.css: -1
[2016-03-28 15:44:36] EDIT FOODILY/static/css/web2py_bootstrap.css: 1
[2016-03-28 15:45:58] EDIT FOODILY/static/css/web2py_bootstrap.css: 0
[2016-03-28 15:46:25] EDIT FOODILY/static/css/web2py_bootstrap.css: 0
[2016-03-28 15:54:00] EDIT FOODILY/views/default/index.html: -2
[2016-03-28 15:54:52] EDIT FOODILY/views/default/index.html: 0
[2016-03-28 15:58:55] EDIT FOODILY/views/default/viewmyposts.html: -1
[2016-03-28 15:59:08] EDIT FOODILY/views/default/viewallposts.html: -1
[2016-03-28 15:59:28] EDIT FOODILY/views/default/view_people.html: -1
[2016-03-28 15:59:50] EDIT FOODILY/views/default/update_my_info.html: -1
[2016-03-28 16:00:05] EDIT FOODILY/views/default/homepage.html: -1
[2016-03-28 16:00:16] EDIT FOODILY/views/default/home.html: -1
[2016-03-28 16:00:33] EDIT FOODILY/views/default/create_post.html: -1
[2016-03-28 16:05:42] EDIT FOODILY/views/default/homepage.html: 0
[2016-03-28 16:06:29] EDIT FOODILY/controllers/default.py: 0
[2016-03-28 16:30:48] EDIT FOODILY/models/db.py: 9
[2016-03-28 16:35:33] EDIT FOODILY/controllers/default.py: 1
[2016-03-28 16:37:04] EDIT FOODILY/controllers/default.py: 4
[2016-03-28 16:39:41] EDIT FOODILY/controllers/default.py: -6
[2016-03-28 16:41:43] EDIT FOODILY/models/db.py: 0
[2016-03-28 16:42:53] EDIT FOODILY/models/db.py: 0
[2016-03-28 16:42:59] EDIT FOODILY/models/db.py: 0
[2016-03-28 16:43:49] EDIT FOODILY/models/db.py: 0
[2016-03-28 16:44:08] EDIT FOODILY/models/db.py: 0
[2016-03-28 16:44:47] EDIT FOODILY/models/db.py: 0
[2016-03-28 16:45:30] EDIT FOODILY/controllers/default.py: -1
[2016-03-28 16:48:42] EDIT FOODILY/models/db.py: 0
[2016-03-28 16:52:59] EDIT FOODILY/controllers/default.py: 0
[2016-03-28 17:02:43] EDIT FOODILY/views/default/viewmyposts.html: 1
[2016-03-28 17:03:06] EDIT FOODILY/views/default/viewmyposts.html: 0
[2016-03-28 17:03:36] EDIT FOODILY/views/default/viewmyposts.html: 0
[2016-03-28 17:04:17] EDIT FOODILY/views/default/viewmyposts.html: 0
[2016-03-28 17:07:29] EDIT FOODILY/views/default/viewmyposts.html: 1
[2016-03-28 17:07:30] EDIT FOODILY/views/default/viewmyposts.html: 0
[2016-03-28 17:07:30] EDIT FOODILY/views/default/viewmyposts.html: 0
[2016-03-28 17:07:30] EDIT FOODILY/views/default/viewmyposts.html: 0
[2016-03-28 17:10:23] EDIT FOODILY/views/default/viewmyposts.html: 0
[2016-03-28 17:11:45] EDIT FOODILY/views/default/viewmyposts.html: 2
[2016-03-28 17:11:45] EDIT FOODILY/views/default/viewmyposts.html: 0
[2016-03-28 17:11:45] EDIT FOODILY/views/default/viewmyposts.html: 0
[2016-03-28 17:11:46] EDIT FOODILY/views/default/viewmyposts.html: 0
[2016-03-28 17:11:46] EDIT FOODILY/views/default/viewmyposts.html: 0
[2016-03-28 17:11:46] EDIT FOODILY/views/default/viewmyposts.html: 0
[2016-03-28 17:11:46] EDIT FOODILY/views/default/viewmyposts.html: 0
[2016-03-28 17:12:51] EDIT FOODILY/views/default/viewmyposts.html: 0
[2016-03-28 17:12:52] EDIT FOODILY/views/default/viewmyposts.html: 0
[2016-03-28 17:13:50] EDIT FOODILY/views/default/viewmyposts.html: 0
[2016-03-28 17:13:50] EDIT FOODILY/views/default/viewmyposts.html: 0
[2016-03-28 17:15:13] EDIT FOODILY/views/default/viewmyposts.html: 0
[2016-03-28 17:17:34] EDIT FOODILY/views/default/viewmyposts.html: 0
[2016-03-28 17:17:34] EDIT FOODILY/views/default/viewmyposts.html: 0
[2016-03-28 17:18:10] EDIT FOODILY/views/default/viewmyposts.html: 0
[2016-03-28 17:18:10] EDIT FOODILY/views/default/viewmyposts.html: 0
[2016-03-28 17:26:19] EDIT FOODILY/views/default/viewallposts.html: 4
[2016-03-28 17:28:00] EDIT FOODILY/views/default/viewallposts.html: -4
[2016-03-28 17:31:03] CREATE recipe.html: 0
[2016-03-28 18:09:26] EDIT FOODILY/views/recipe.html: 26
[2016-03-28 18:12:11] EDIT FOODILY/views/recipe.html: 0
[2016-03-28 18:14:26] EDIT FOODILY/views/recipe.html: 0
[2016-03-28 18:16:39] EDIT FOODILY/views/recipe.html: 4
[2016-03-28 18:18:02] EDIT FOODILY/views/recipe.html: -4
[2016-03-28 18:18:02] EDIT FOODILY/views/recipe.html: 0
[2016-03-28 18:18:02] EDIT FOODILY/views/recipe.html: 0
[2016-03-28 18:18:02] EDIT FOODILY/views/recipe.html: 0
[2016-03-28 18:23:28] EDIT FOODILY/controllers/default.py: 1
[2016-03-28 18:24:18] EDIT FOODILY/views/default/viewmyposts.html: -3
[2016-03-28 18:28:28] EDIT FOODILY/views/default/viewmyposts.html: 0
[2016-03-28 18:28:29] EDIT FOODILY/views/default/viewmyposts.html: 0
[2016-03-28 18:31:03] EDIT FOODILY/views/default/viewmyposts.html: 0
[2016-03-28 18:31:04] EDIT FOODILY/views/default/viewmyposts.html: 0
[2016-03-28 18:31:04] EDIT FOODILY/views/default/viewmyposts.html: 0
[2016-03-28 18:31:05] EDIT FOODILY/views/default/viewmyposts.html: 0
[2016-03-28 18:36:42] EDIT FOODILY/controllers/default.py: 3
[2016-03-28 18:38:21] EDIT FOODILY/views/default/viewmyposts.html: 0
[2016-03-28 18:38:41] EDIT FOODILY/controllers/default.py: 0
[2016-03-28 18:40:24] EDIT FOODILY/views/recipe.html: 1
[2016-03-28 18:40:25] EDIT FOODILY/views/recipe.html: 0
[2016-03-28 18:48:39] EDIT FOODILY/views/recipe.html: 4
[2016-03-28 18:51:53] EDIT FOODILY/controllers/default.py: 0
[2016-03-28 18:51:53] EDIT FOODILY/controllers/default.py: 0
[2016-03-28 18:51:54] EDIT FOODILY/controllers/default.py: 0
[2016-03-28 18:52:41] EDIT FOODILY/controllers/default.py: 1
[2016-03-28 18:53:08] EDIT FOODILY/controllers/default.py: 0
[2016-03-28 18:54:19] EDIT FOODILY/views/default/viewmyposts.html: 0
[2016-03-28 18:55:55] EDIT FOODILY/controllers/default.py: 0
[2016-03-28 18:55:57] EDIT FOODILY/controllers/default.py: 0
[2016-03-28 18:56:45] EDIT FOODILY/controllers/default.py: -1
[2016-03-28 18:57:31] EDIT FOODILY/controllers/default.py: 0
[2016-03-28 18:57:42] EDIT FOODILY/controllers/default.py: -2
[2016-03-28 19:01:28] EDIT FOODILY/views/default/viewmyposts.html: 0
[2016-03-28 19:01:29] EDIT FOODILY/views/default/viewmyposts.html: 0
[2016-03-28 19:01:30] EDIT FOODILY/views/default/viewmyposts.html: 0
[2016-03-28 19:02:41] EDIT FOODILY/views/default/viewmyposts.html: 0
[2016-03-28 19:03:11] EDIT FOODILY/controllers/default.py: 3
[2016-03-28 19:03:12] EDIT FOODILY/controllers/default.py: 0
[2016-03-28 19:03:12] EDIT FOODILY/controllers/default.py: 0
[2016-03-28 19:03:17] EDIT FOODILY/controllers/default.py: 0
[2016-03-28 19:04:43] CREATE default/recipe.html: 0
[2016-03-28 19:04:53] EDIT FOODILY/views/default/recipe.html: 31
[2016-03-28 19:04:53] EDIT FOODILY/views/default/recipe.html: 0
[2016-03-28 19:04:53] EDIT FOODILY/views/default/recipe.html: 0
[2016-03-28 19:04:53] EDIT FOODILY/views/default/recipe.html: 0
[2016-03-28 19:04:54] EDIT FOODILY/views/default/recipe.html: 0
[2016-03-28 19:04:54] EDIT FOODILY/views/default/recipe.html: 0
[2016-03-28 19:06:24] EDIT FOODILY/controllers/default.py: 0
[2016-03-28 19:07:31] EDIT FOODILY/views/default/recipe.html: 0
[2016-03-28 19:08:01] EDIT FOODILY/views/default/recipe.html: 0
[2016-03-28 19:10:39] EDIT FOODILY/views/default/recipe.html: 0
[2016-03-28 19:11:19] EDIT FOODILY/views/default/recipe.html: 2
[2016-03-28 19:11:19] EDIT FOODILY/views/default/recipe.html: 0
[2016-03-28 19:11:44] EDIT FOODILY/views/default/recipe.html: 0
[2016-03-28 19:12:27] EDIT FOODILY/views/default/recipe.html: 0
[2016-03-28 19:13:49] EDIT FOODILY/views/default/recipe.html: 0
[2016-03-28 19:14:04] EDIT FOODILY/views/default/recipe.html: 0
[2016-03-28 19:17:18] EDIT FOODILY/views/default/viewallposts.html: 0
[2016-03-28 19:19:19] EDIT FOODILY/views/default/viewmyposts.html: 2
[2016-03-28 19:19:28] EDIT FOODILY/views/default/viewallposts.html: 2
[2016-03-28 19:19:37] EDIT FOODILY/views/default/view_people.html: 2
[2016-03-28 19:19:57] EDIT FOODILY/views/default/homepage.html: 2
[2016-03-28 19:20:07] EDIT FOODILY/views/default/home.html: 2
[2016-03-28 19:20:25] EDIT FOODILY/views/default/create_post.html: 2
[2016-03-28 19:21:51] EDIT FOODILY/models/db.py: 0
[2016-03-28 19:45:02] EDIT FOODILY/views/default/viewallposts.html: -1
[2016-03-28 19:50:35] EDIT FOODILY/views/default/viewallposts.html: 2
[2016-03-28 20:01:29] EDIT FOODILY/views/default/viewallposts.html: 1
[2016-03-28 20:08:37] EDIT FOODILY/views/default/viewallposts.html: 2
[2016-03-28 20:08:40] EDIT FOODILY/views/default/viewallposts.html: 0
[2016-03-28 20:10:12] EDIT FOODILY/views/default/viewallposts.html: 0
[2016-03-28 20:11:13] EDIT FOODILY/views/default/viewallposts.html: 0
[2016-03-28 20:13:15] EDIT FOODILY/views/default/viewallposts.html: -2
[2016-03-28 20:20:28] EDIT FOODILY/models/db.py: 1
[2016-03-28 20:28:55] EDIT FOODILY/models/db.py: -5
[2016-03-28 20:32:15] EDIT FOODILY/controllers/default.py: 5
[2016-03-28 20:34:25] EDIT FOODILY/controllers/default.py: 0
[2016-03-28 20:56:40] EDIT FOODILY/models/db.py: 5
[2016-03-28 20:58:38] EDIT FOODILY/models/db.py: 0
[2016-03-28 20:58:38] EDIT FOODILY/models/db.py: 0
[2016-03-28 20:59:05] EDIT FOODILY/controllers/default.py: 3
[2016-03-28 21:00:42] EDIT FOODILY/controllers/default.py: 5
[2016-03-28 21:00:57] EDIT FOODILY/models/db.py: 3
[2016-03-28 21:02:15] EDIT FOODILY/models/db.py: 0
[2016-03-28 21:06:13] EDIT FOODILY/controllers/default.py: 0
[2016-03-28 21:09:19] EDIT FOODILY/views/default/viewmyposts.html: 0
[2016-03-28 21:09:39] EDIT FOODILY/models/db.py: -1
[2016-03-28 21:10:21] EDIT FOODILY/models/db.py: 0
[2016-03-28 21:10:22] EDIT FOODILY/models/db.py: 0
[2016-03-28 21:10:42] EDIT FOODILY/models/db.py: 0
[2016-03-28 21:12:13] EDIT FOODILY/models/db.py: 0
[2016-03-28 21:12:55] EDIT FOODILY/models/db.py: 0
[2016-03-28 21:16:02] EDIT FOODILY/models/db.py: -3
[2016-03-28 21:16:24] EDIT FOODILY/controllers/default.py: 3
[2016-03-28 21:19:53] EDIT FOODILY/controllers/default.py: -11
[2016-03-28 21:19:56] EDIT FOODILY/controllers/default.py: 0
[2016-03-28 21:20:32] EDIT FOODILY/models/db.py: -2
[2016-03-28 21:20:38] EDIT FOODILY/models/db.py: 0
[2016-03-28 21:20:40] EDIT FOODILY/models/db.py: 0
[2016-03-28 21:47:32] EDIT FOODILY/controllers/default.py: 19
[2016-03-28 21:47:32] EDIT FOODILY/controllers/default.py: 0
[2016-03-28 21:47:33] EDIT FOODILY/controllers/default.py: 0
[2016-03-28 21:48:11] EDIT FOODILY/controllers/default.py: 0
[2016-03-28 21:48:34] EDIT FOODILY/controllers/default.py: 0
[2016-03-28 21:50:28] EDIT FOODILY/controllers/default.py: 2
[2016-03-28 21:50:57] EDIT FOODILY/controllers/default.py: 0
[2016-03-28 21:51:00] EDIT FOODILY/controllers/default.py: 0
[2016-03-28 21:52:19] EDIT FOODILY/controllers/default.py: 0
[2016-03-28 21:53:39] EDIT FOODILY/controllers/default.py: 0
[2016-03-28 21:54:30] EDIT FOODILY/controllers/default.py: 0
[2016-03-28 21:56:04] EDIT FOODILY/controllers/default.py: 1
[2016-03-28 21:59:38] EDIT FOODILY/controllers/default.py: 0
[2016-03-28 22:00:05] EDIT FOODILY/controllers/default.py: 0
[2016-03-28 22:01:37] EDIT FOODILY/controllers/default.py: -5
[2016-03-28 22:04:32] EDIT FOODILY/views/default/viewallposts.html: 5
[2016-03-28 22:10:20] EDIT FOODILY/controllers/default.py: 3
[2016-03-28 22:11:22] EDIT FOODILY/controllers/default.py: 0
[2016-03-28 22:12:06] EDIT FOODILY/controllers/default.py: 2
[2016-03-28 22:12:14] EDIT FOODILY/controllers/default.py: 0
[2016-03-28 22:12:16] EDIT FOODILY/controllers/default.py: 0
[2016-03-28 22:12:16] EDIT FOODILY/controllers/default.py: 0
[2016-03-28 22:12:38] EDIT FOODILY/controllers/default.py: 0
[2016-03-28 22:13:12] EDIT FOODILY/controllers/default.py: 0
[2016-03-28 22:13:53] EDIT FOODILY/controllers/default.py: -1
[2016-03-28 22:15:01] EDIT FOODILY/controllers/default.py: -1
[2016-03-28 22:16:11] EDIT FOODILY/controllers/default.py: 1
[2016-03-28 22:16:12] EDIT FOODILY/controllers/default.py: 0
[2016-03-28 22:17:14] EDIT FOODILY/controllers/default.py: 0
[2016-03-28 22:18:03] EDIT FOODILY/controllers/default.py: 2
[2016-03-28 22:18:06] EDIT FOODILY/controllers/default.py: 0
[2016-03-28 22:18:24] EDIT FOODILY/controllers/default.py: -2
[2016-03-28 22:19:08] EDIT FOODILY/controllers/default.py: 0
[2016-03-28 22:19:54] EDIT FOODILY/views/default/viewallposts.html: 0
[2016-03-28 22:20:27] EDIT FOODILY/views/default/viewallposts.html: 0
[2016-03-28 22:21:02] EDIT FOODILY/controllers/default.py: 2
[2016-03-28 22:23:07] EDIT FOODILY/controllers/default.py: 0
[2016-03-28 22:25:47] EDIT FOODILY/controllers/default.py: 0
[2016-03-28 22:27:08] EDIT FOODILY/views/default/viewallposts.html: 0
[2016-03-28 22:29:40] EDIT FOODILY/controllers/default.py: 0
[2016-03-28 22:30:20] EDIT FOODILY/controllers/default.py: 0
[2016-03-28 22:30:20] EDIT FOODILY/controllers/default.py: 0
[2016-03-28 22:30:21] EDIT FOODILY/controllers/default.py: 0
[2016-03-28 22:33:02] EDIT FOODILY/controllers/default.py: 0
[2016-03-28 22:33:03] EDIT FOODILY/controllers/default.py: 0
[2016-03-28 22:33:04] EDIT FOODILY/controllers/default.py: 0
[2016-03-28 22:33:33] EDIT FOODILY/controllers/default.py: 1
[2016-03-28 22:33:34] EDIT FOODILY/controllers/default.py: 0
[2016-03-28 22:33:47] EDIT FOODILY/views/default/viewallposts.html: 0
[2016-03-28 22:34:39] EDIT FOODILY/views/default/editpost.html: 2
[2016-03-28 22:36:14] EDIT FOODILY/views/default/editpost.html: 1
[2016-03-28 22:39:42] EDIT FOODILY/controllers/default.py: -1
[2016-03-28 22:39:58] EDIT FOODILY/views/default/viewallposts.html: 0
[2016-03-28 22:43:33] EDIT FOODILY/controllers/default.py: 0
[2016-03-28 22:43:47] EDIT FOODILY/controllers/default.py: 0
[2016-03-28 22:45:19] EDIT FOODILY/controllers/default.py: 0
[2016-03-28 22:45:20] EDIT FOODILY/controllers/default.py: 0
[2016-03-28 22:45:46] EDIT FOODILY/controllers/default.py: 0
[2016-03-28 22:46:19] EDIT FOODILY/controllers/default.py: 0
[2016-03-28 22:49:09] EDIT FOODILY/views/default/viewallposts.html: 0
[2016-03-28 22:51:43] EDIT FOODILY/controllers/default.py: 0
[2016-03-28 22:52:05] EDIT FOODILY/controllers/default.py: 0
[2016-03-28 22:52:56] EDIT FOODILY/views/default/viewallposts.html: 0
[2016-03-28 22:52:57] EDIT FOODILY/views/default/viewallposts.html: 0
[2016-03-28 22:52:59] EDIT FOODILY/views/default/viewallposts.html: 0
[2016-03-28 22:53:06] EDIT FOODILY/controllers/default.py: 0
[2016-03-28 22:54:24] EDIT FOODILY/controllers/default.py: 0
[2016-03-28 22:54:26] EDIT FOODILY/controllers/default.py: 0
[2016-03-28 22:56:12] EDIT FOODILY/controllers/default.py: 0
[2016-03-28 22:56:13] EDIT FOODILY/controllers/default.py: 0
[2016-03-28 22:56:14] EDIT FOODILY/controllers/default.py: 0
[2016-03-28 22:56:14] EDIT FOODILY/controllers/default.py: 0
[2016-03-28 22:56:36] EDIT FOODILY/controllers/default.py: 0
[2016-03-28 22:58:33] EDIT FOODILY/views/default/viewallposts.html: 0
[2016-03-28 22:59:05] EDIT FOODILY/views/default/viewallposts.html: 0
[2016-03-28 23:00:27] EDIT FOODILY/controllers/default.py: 0
[2016-03-28 23:00:39] EDIT FOODILY/controllers/default.py: 0
[2016-03-28 23:00:40] EDIT FOODILY/controllers/default.py: 0
[2016-03-28 23:00:40] EDIT FOODILY/controllers/default.py: 0
[2016-03-28 23:00:40] EDIT FOODILY/controllers/default.py: 0
[2016-03-28 23:00:41] EDIT FOODILY/controllers/default.py: 0
[2016-03-28 23:02:17] EDIT FOODILY/controllers/default.py: 0
[2016-03-28 23:02:59] EDIT FOODILY/controllers/default.py: 0
[2016-03-28 23:02:59] EDIT FOODILY/controllers/default.py: 0
[2016-03-28 23:03:56] EDIT FOODILY/views/default/viewmyposts.html: 5
[2016-03-28 23:04:17] EDIT FOODILY/views/default/viewmyposts.html: 0
[2016-03-28 23:05:16] EDIT FOODILY/controllers/default.py: 3
[2016-03-28 23:05:54] EDIT FOODILY/controllers/default.py: 0
[2016-03-28 23:06:24] EDIT FOODILY/controllers/default.py: 0
[2016-03-28 23:06:24] EDIT FOODILY/controllers/default.py: 0
[2016-03-28 23:06:25] EDIT FOODILY/controllers/default.py: 0
[2016-03-28 23:06:59] EDIT FOODILY/controllers/default.py: 0
[2016-03-28 23:07:18] EDIT FOODILY/controllers/default.py: 0
[2016-03-28 23:07:28] EDIT FOODILY/controllers/default.py: 0
[2016-03-28 23:09:51] EDIT FOODILY/views/default/viewallposts.html: 0
[2016-03-28 23:09:59] EDIT FOODILY/controllers/default.py: 0
[2016-03-29 09:20:39] EDIT FOODILY/controllers/default.py: 0
[2016-03-29 09:20:40] EDIT FOODILY/controllers/default.py: 0
[2016-03-29 09:23:29] EDIT FOODILY/controllers/default.py: 0
[2016-03-29 09:25:43] EDIT FOODILY/controllers/default.py: 2
[2016-03-29 09:28:54] EDIT FOODILY/controllers/default.py: 14
[2016-03-29 09:28:55] EDIT FOODILY/controllers/default.py: 0
[2016-03-29 09:28:55] EDIT FOODILY/controllers/default.py: 0
[2016-03-29 09:30:05] EDIT FOODILY/controllers/default.py: 0
[2016-03-29 09:30:05] EDIT FOODILY/controllers/default.py: 0
[2016-03-29 09:30:05] EDIT FOODILY/controllers/default.py: 0
[2016-03-29 09:30:06] EDIT FOODILY/controllers/default.py: 0
[2016-03-29 09:31:08] EDIT FOODILY/views/default/viewmyposts.html: 0
[2016-03-29 09:31:09] EDIT FOODILY/views/default/viewmyposts.html: 0
[2016-03-29 09:38:53] EDIT FOODILY/controllers/default.py: 0
[2016-03-29 09:38:54] EDIT FOODILY/controllers/default.py: 0
[2016-03-29 09:38:54] EDIT FOODILY/controllers/default.py: 0
[2016-03-29 09:38:55] EDIT FOODILY/controllers/default.py: 0
[2016-03-29 09:38:55] EDIT FOODILY/controllers/default.py: 0
[2016-03-29 09:38:55] EDIT FOODILY/controllers/default.py: 0
[2016-03-29 09:47:46] EDIT FOODILY/controllers/default.py: 0
[2016-03-29 09:47:49] EDIT FOODILY/controllers/default.py: 0
[2016-03-29 09:47:49] EDIT FOODILY/controllers/default.py: 0
[2016-03-29 09:48:10] EDIT FOODILY/views/default/viewmyposts.html: 0
[2016-03-29 09:48:11] EDIT FOODILY/views/default/viewmyposts.html: 0
[2016-03-29 09:48:30] EDIT FOODILY/views/default/viewmyposts.html: 0
[2016-03-29 09:48:30] EDIT FOODILY/views/default/viewmyposts.html: 0
[2016-03-29 09:48:30] EDIT FOODILY/views/default/viewmyposts.html: 0
[2016-03-29 09:48:31] EDIT FOODILY/views/default/viewmyposts.html: 0
[2016-03-29 09:48:43] EDIT FOODILY/views/default/viewmyposts.html: 0
[2016-03-29 09:48:43] EDIT FOODILY/views/default/viewmyposts.html: 0
[2016-03-29 09:50:55] EDIT FOODILY/views/default/viewmyposts.html: 0
[2016-03-29 09:50:55] EDIT FOODILY/views/default/viewmyposts.html: 0
[2016-03-29 09:50:56] EDIT FOODILY/views/default/viewmyposts.html: 0
[2016-03-29 09:50:56] EDIT FOODILY/views/default/viewmyposts.html: 0
[2016-03-29 09:50:56] EDIT FOODILY/views/default/viewmyposts.html: 0
[2016-03-29 09:51:39] EDIT FOODILY/views/default/viewmyposts.html: 0
[2016-03-29 09:51:39] EDIT FOODILY/views/default/viewmyposts.html: 0
[2016-03-29 09:52:19] EDIT FOODILY/views/default/viewmyposts.html: 0
[2016-03-29 09:54:11] EDIT FOODILY/views/default/viewmyposts.html: 0
[2016-03-29 09:54:32] EDIT FOODILY/views/default/viewmyposts.html: 0
[2016-03-29 09:54:32] EDIT FOODILY/views/default/viewmyposts.html: 0
[2016-03-29 09:54:50] EDIT FOODILY/views/default/viewmyposts.html: 0
[2016-03-29 09:56:21] EDIT FOODILY/views/default/viewmyposts.html: 0
[2016-03-29 09:56:39] EDIT FOODILY/views/default/viewmyposts.html: 0
[2016-03-29 09:57:21] EDIT FOODILY/views/default/viewmyposts.html: 0
[2016-03-29 09:57:21] EDIT FOODILY/views/default/viewmyposts.html: 0
[2016-03-29 09:58:43] EDIT FOODILY/views/default/viewmyposts.html: 0
[2016-03-29 09:58:54] EDIT FOODILY/views/default/viewmyposts.html: 0
[2016-03-29 09:58:55] EDIT FOODILY/views/default/viewmyposts.html: 0
[2016-03-29 09:58:55] EDIT FOODILY/views/default/viewmyposts.html: 0
[2016-03-29 09:58:55] EDIT FOODILY/views/default/viewmyposts.html: 0
[2016-03-29 10:00:22] EDIT FOODILY/views/default/viewmyposts.html: -1
[2016-03-29 10:00:22] EDIT FOODILY/views/default/viewmyposts.html: 0
[2016-03-29 10:00:22] EDIT FOODILY/views/default/viewmyposts.html: 0
[2016-03-29 10:00:23] EDIT FOODILY/views/default/viewmyposts.html: 0
[2016-03-29 10:01:02] EDIT FOODILY/views/default/viewmyposts.html: 0
[2016-03-29 10:02:14] EDIT FOODILY/views/default/viewallposts.html: -1
[2016-03-29 10:02:14] EDIT FOODILY/views/default/viewallposts.html: 0
[2016-03-29 10:02:14] EDIT FOODILY/views/default/viewallposts.html: 0
[2016-03-29 10:03:01] EDIT FOODILY/views/default/viewmyposts.html: 0
[2016-03-29 10:03:27] EDIT FOODILY/views/default/viewallposts.html: 0
[2016-03-29 10:03:48] EDIT FOODILY/views/default/viewallposts.html: 1
[2016-03-29 10:04:00] EDIT FOODILY/views/default/viewmyposts.html: 1
[2016-03-29 10:05:00] EDIT FOODILY/views/default/viewallposts.html: 1
[2016-03-29 10:07:58] EDIT FOODILY/views/default/create_post.html: 2
[2016-03-29 10:07:59] EDIT FOODILY/views/default/create_post.html: 0
[2016-03-29 10:08:51] EDIT FOODILY/views/default/create_post.html: 0
[2016-03-29 10:08:51] EDIT FOODILY/views/default/create_post.html: 0
[2016-03-29 10:09:20] EDIT FOODILY/views/default/create_post.html: 0
[2016-03-29 10:09:34] EDIT FOODILY/views/default/create_post.html: 0
[2016-03-29 10:12:17] EDIT FOODILY/views/default/recipe.html: 0
[2016-03-29 10:13:00] EDIT FOODILY/views/default/recipe.html: 0
[2016-03-29 10:13:01] EDIT FOODILY/views/default/recipe.html: 0
[2016-03-29 10:13:01] EDIT FOODILY/views/default/recipe.html: 0
[2016-03-29 10:13:01] EDIT FOODILY/views/default/recipe.html: 0
[2016-03-29 10:13:02] EDIT FOODILY/views/default/recipe.html: 0
[2016-03-29 10:13:51] EDIT FOODILY/views/default/recipe.html: 0
[2016-03-29 10:13:53] EDIT FOODILY/views/default/recipe.html: 0
[2016-03-29 10:15:18] EDIT FOODILY/views/default/recipe.html: 0
[2016-03-29 10:15:19] EDIT FOODILY/views/default/recipe.html: 0
[2016-03-29 10:15:43] EDIT FOODILY/views/default/recipe.html: 0
[2016-03-29 10:15:43] EDIT FOODILY/views/default/recipe.html: 0
[2016-03-29 10:16:17] EDIT FOODILY/views/default/recipe.html: 0
[2016-03-29 10:18:38] EDIT FOODILY/views/layout.html: 0
[2016-03-29 10:18:40] EDIT FOODILY/views/layout.html: 0
[2016-03-29 10:19:34] EDIT FOODILY/views/layout.html: -1
[2016-03-29 10:19:34] EDIT FOODILY/views/layout.html: 0
[2016-03-29 10:19:35] EDIT FOODILY/views/layout.html: 0
[2016-03-29 10:19:35] EDIT FOODILY/views/layout.html: 0
[2016-03-29 10:20:27] EDIT FOODILY/views/layout.html: 0
[2016-03-29 10:20:28] EDIT FOODILY/views/layout.html: 0
[2016-03-29 10:20:28] EDIT FOODILY/views/layout.html: 0
[2016-03-29 10:20:28] EDIT FOODILY/views/layout.html: 0
[2016-03-29 10:20:29] EDIT FOODILY/views/layout.html: 0
[2016-03-29 10:20:29] EDIT FOODILY/views/layout.html: 0
[2016-03-29 10:22:13] EDIT FOODILY/static/css/web2py.css: 0
[2016-03-29 10:22:25] EDIT FOODILY/static/css/web2py.css: 0
[2016-03-29 10:22:25] EDIT FOODILY/static/css/web2py.css: 0
[2016-03-29 10:22:36] EDIT FOODILY/static/css/web2py.css: 0
[2016-03-29 10:22:53] EDIT FOODILY/static/css/web2py.css: 0
[2016-03-29 10:22:53] EDIT FOODILY/static/css/web2py.css: 0
[2016-03-29 10:23:14] EDIT FOODILY/static/css/web2py.css: 0
[2016-03-29 10:23:25] EDIT FOODILY/static/css/web2py.css: 0
[2016-03-29 10:23:45] EDIT FOODILY/static/css/web2py.css: 0
[2016-03-29 10:24:02] EDIT FOODILY/static/css/web2py.css: 0
[2016-03-29 10:24:44] EDIT FOODILY/static/css/web2py.css: 0
[2016-03-29 10:24:55] EDIT FOODILY/static/css/web2py.css: 0
[2016-03-29 10:24:57] EDIT FOODILY/static/css/web2py.css: 0
[2016-03-29 10:25:11] EDIT FOODILY/static/css/web2py.css: 0
[2016-03-29 10:29:09] EDIT FOODILY/static/css/web2py.css.bak: 0
[2016-03-29 10:29:10] EDIT FOODILY/static/css/web2py.css.bak: 0
[2016-03-29 10:30:23] EDIT FOODILY/static/css/web2py.css.bak: 0
[2016-03-29 10:31:25] EDIT FOODILY/static/css/web2py.css: 0
[2016-03-29 10:32:23] EDIT FOODILY/static/css/web2py.css: 0
[2016-03-29 10:32:57] EDIT FOODILY/static/css/web2py.css: 0
[2016-03-29 10:32:58] EDIT FOODILY/static/css/web2py.css: 0
[2016-03-29 10:32:58] EDIT FOODILY/static/css/web2py.css: 0
[2016-03-29 10:32:58] EDIT FOODILY/static/css/web2py.css: 0
[2016-03-29 10:33:21] EDIT FOODILY/static/css/web2py.css: 0
[2016-03-29 10:36:03] EDIT FOODILY/static/css/web2py.css: 0
[2016-03-29 10:36:04] EDIT FOODILY/static/css/web2py.css: 0
[2016-03-29 10:36:15] EDIT FOODILY/static/css/web2py.css: 0
[2016-03-29 10:37:25] EDIT FOODILY/static/css/web2py.css: 0
[2016-03-29 10:37:25] EDIT FOODILY/static/css/web2py.css: 0
[2016-03-29 10:37:45] EDIT FOODILY/static/css/web2py.css: 0
[2016-03-29 10:37:46] EDIT FOODILY/static/css/web2py.css: 0
[2016-03-29 10:37:46] EDIT FOODILY/static/css/web2py.css: 0
[2016-03-29 10:39:28] EDIT FOODILY/static/css/web2py.css: 0
[2016-03-29 10:39:46] EDIT FOODILY/static/css/web2py.css.bak: 0
[2016-03-29 10:39:47] EDIT FOODILY/static/css/web2py.css.bak: 0
[2016-03-29 10:39:47] EDIT FOODILY/static/css/web2py.css.bak: 0
[2016-03-29 10:44:43] EDIT FOODILY/views/layout.html: 0
[2016-03-29 10:45:19] EDIT FOODILY/views/layout.html: 0
[2016-03-29 10:48:10] EDIT FOODILY/views/layout.html: 0
[2016-03-29 10:48:58] EDIT FOODILY/views/layout.html: 0
[2016-03-29 10:49:35] EDIT FOODILY/views/layout.html: 0
[2016-03-29 10:49:36] EDIT FOODILY/views/layout.html: 0
[2016-03-29 10:49:36] EDIT FOODILY/views/layout.html: 0
[2016-03-29 10:50:13] EDIT FOODILY/views/layout.html: 0
[2016-03-29 10:50:15] EDIT FOODILY/views/layout.html: 0
[2016-03-29 10:50:15] EDIT FOODILY/views/layout.html: 0
[2016-03-29 10:50:15] EDIT FOODILY/views/layout.html: 0
[2016-03-29 11:01:42] EDIT FOODILY/controllers/default.py: 0
[2016-03-29 14:50:24] EDIT FOODILY/models/db.py: 2
[2016-03-29 15:11:05] EDIT FOODILY/views/default/viewallposts.html: 3
[2016-03-29 15:12:57] EDIT FOODILY/views/default/viewallposts.html: 0
[2016-03-29 15:13:48] EDIT FOODILY/views/default/viewallposts.html: 0
[2016-03-29 15:14:09] EDIT FOODILY/views/default/viewallposts.html: 0
[2016-03-29 15:14:09] EDIT FOODILY/views/default/viewallposts.html: 0
[2016-03-29 15:14:38] EDIT FOODILY/views/default/viewallposts.html: 0
[2016-03-29 15:14:38] EDIT FOODILY/views/default/viewallposts.html: 0
[2016-03-29 15:14:38] EDIT FOODILY/views/default/viewallposts.html: 0
[2016-03-29 15:14:57] EDIT FOODILY/views/default/viewallposts.html: 0
[2016-03-29 15:14:57] EDIT FOODILY/views/default/viewallposts.html: 0
[2016-03-29 15:15:21] EDIT FOODILY/views/default/viewallposts.html: 2
[2016-03-29 15:15:31] EDIT FOODILY/views/default/viewallposts.html: 0
[2016-03-29 15:15:50] EDIT FOODILY/views/default/viewallposts.html: 1
[2016-03-29 15:19:08] EDIT FOODILY/views/default/viewallposts.html: 0
[2016-03-29 15:19:32] EDIT FOODILY/views/default/viewallposts.html: 0
[2016-03-29 15:19:38] EDIT FOODILY/views/default/viewallposts.html: 0
[2016-03-29 15:19:56] EDIT FOODILY/views/default/viewallposts.html: 0
[2016-03-29 15:23:36] EDIT FOODILY/controllers/default.py: 4
[2016-03-29 15:23:38] EDIT FOODILY/views/default/viewallposts.html: 0
[2016-03-29 15:23:59] EDIT FOODILY/views/default/viewallposts.html: -2
[2016-03-29 15:35:15] EDIT FOODILY/controllers/default.py: 1
[2016-03-29 15:35:15] EDIT FOODILY/controllers/default.py: 0
[2016-03-29 15:37:44] EDIT FOODILY/views/default/viewallposts.html: 2
[2016-03-29 15:39:16] EDIT FOODILY/controllers/default.py: 1
[2016-03-29 15:47:35] EDIT FOODILY/views/default/viewallposts.html: 4
[2016-03-29 15:47:36] EDIT FOODILY/views/default/viewallposts.html: 0
[2016-03-29 15:52:39] EDIT FOODILY/models/db.py: 0
[2016-03-29 15:52:42] EDIT FOODILY/models/db.py: 0
[2016-03-29 15:52:42] EDIT FOODILY/models/db.py: 0
[2016-03-29 15:53:13] EDIT FOODILY/controllers/default.py: 0
[2016-03-29 15:53:13] EDIT FOODILY/controllers/default.py: 0
[2016-03-29 15:53:13] EDIT FOODILY/controllers/default.py: 0
[2016-03-29 15:59:09] EDIT FOODILY/controllers/default.py: 0
[2016-03-29 16:00:26] EDIT FOODILY/controllers/default.py: 0
[2016-03-29 16:00:27] EDIT FOODILY/controllers/default.py: 0
[2016-03-29 16:00:27] EDIT FOODILY/controllers/default.py: 0
[2016-03-29 16:00:27] EDIT FOODILY/controllers/default.py: 0
[2016-03-29 16:00:28] EDIT FOODILY/controllers/default.py: 0
[2016-03-29 16:01:04] EDIT FOODILY/views/default/viewallposts.html: 2
[2016-03-29 16:01:04] EDIT FOODILY/views/default/viewallposts.html: 0
[2016-03-29 16:01:21] EDIT FOODILY/controllers/default.py: 0
[2016-03-29 16:01:23] EDIT FOODILY/controllers/default.py: 0
[2016-03-29 16:02:26] EDIT FOODILY/views/default/viewallposts.html: 0
[2016-03-29 16:02:26] EDIT FOODILY/views/default/viewallposts.html: 0
[2016-03-29 16:02:26] EDIT FOODILY/views/default/viewallposts.html: 0
[2016-03-29 16:02:26] EDIT FOODILY/views/default/viewallposts.html: 0
[2016-03-29 16:04:03] EDIT FOODILY/models/db.py: 1
[2016-03-29 16:10:48] EDIT FOODILY/controllers/default.py: 1
[2016-03-29 16:10:48] EDIT FOODILY/controllers/default.py: 0
[2016-03-29 16:10:48] EDIT FOODILY/controllers/default.py: 0
[2016-03-29 16:10:48] EDIT FOODILY/controllers/default.py: 0
[2016-03-29 16:11:19] EDIT FOODILY/models/db.py: 0
[2016-03-29 16:15:52] EDIT FOODILY/views/default/viewallposts.html: 0
[2016-03-29 16:15:52] EDIT FOODILY/views/default/viewallposts.html: 0
[2016-03-29 16:16:45] EDIT FOODILY/views/default/viewallposts.html: 0
[2016-03-29 16:16:45] EDIT FOODILY/views/default/viewallposts.html: 0
[2016-03-29 16:16:45] EDIT FOODILY/views/default/viewallposts.html: 0
[2016-03-29 16:16:45] EDIT FOODILY/views/default/viewallposts.html: 0
[2016-03-29 16:17:20] EDIT FOODILY/views/default/viewallposts.html: 0
[2016-03-29 16:17:21] EDIT FOODILY/views/default/viewallposts.html: 0
[2016-03-29 16:17:21] EDIT FOODILY/views/default/viewallposts.html: 0
[2016-03-29 16:17:21] EDIT FOODILY/views/default/viewallposts.html: 0
[2016-03-29 16:19:47] EDIT FOODILY/controllers/default.py: 0
[2016-03-29 16:20:31] EDIT FOODILY/controllers/default.py: 0
[2016-03-29 16:28:32] EDIT FOODILY/controllers/default.py: 0
[2016-03-29 16:31:44] EDIT FOODILY/controllers/default.py: 0
[2016-03-29 16:31:46] EDIT FOODILY/controllers/default.py: 0
[2016-03-29 16:33:28] EDIT FOODILY/controllers/default.py: 0
[2016-03-29 16:33:29] EDIT FOODILY/controllers/default.py: 0
[2016-03-29 16:33:29] EDIT FOODILY/controllers/default.py: 0
[2016-03-29 16:33:30] EDIT FOODILY/controllers/default.py: 0
[2016-03-29 16:33:30] EDIT FOODILY/controllers/default.py: 0
[2016-03-29 16:33:30] EDIT FOODILY/controllers/default.py: 0
[2016-03-29 16:33:30] EDIT FOODILY/controllers/default.py: 0
[2016-03-29 16:35:47] EDIT FOODILY/views/default/viewallposts.html: -6
[2016-03-29 16:41:43] EDIT FOODILY/controllers/default.py: 2
[2016-03-29 16:41:44] EDIT FOODILY/controllers/default.py: 0
[2016-03-29 16:42:52] EDIT FOODILY/controllers/default.py: 0
[2016-03-29 16:42:52] EDIT FOODILY/controllers/default.py: 0
[2016-03-29 16:47:11] EDIT FOODILY/models/db.py: 0
[2016-03-29 16:47:55] EDIT FOODILY/views/default/viewallposts.html: 0
[2016-03-29 16:47:56] EDIT FOODILY/views/default/viewallposts.html: 0
[2016-03-29 16:56:52] EDIT FOODILY/controllers/default.py: 8
[2016-03-29 16:57:12] EDIT FOODILY/controllers/default.py: 0
[2016-03-29 16:57:27] EDIT FOODILY/controllers/default.py: 0
[2016-03-29 17:00:19] EDIT FOODILY/views/default/viewallposts.html: 4
[2016-03-29 17:04:11] EDIT FOODILY/controllers/default.py: 1
[2016-03-29 17:07:12] EDIT FOODILY/views/default/viewallposts.html: 1
[2016-03-29 17:07:13] EDIT FOODILY/views/default/viewallposts.html: 0
[2016-03-29 17:07:41] EDIT FOODILY/views/default/viewallposts.html: 1
[2016-03-29 17:07:41] EDIT FOODILY/views/default/viewallposts.html: 0
[2016-03-29 17:07:42] EDIT FOODILY/views/default/viewallposts.html: 0
[2016-03-29 17:07:42] EDIT FOODILY/views/default/viewallposts.html: 0
[2016-03-29 17:07:42] EDIT FOODILY/views/default/viewallposts.html: 0
[2016-03-29 17:08:12] EDIT FOODILY/views/default/viewallposts.html: 0
[2016-03-29 17:08:12] EDIT FOODILY/views/default/viewallposts.html: 0
[2016-03-29 17:08:12] EDIT FOODILY/views/default/viewallposts.html: 0
[2016-03-29 17:08:12] EDIT FOODILY/views/default/viewallposts.html: 0
[2016-03-29 17:08:43] EDIT FOODILY/views/default/viewallposts.html: 0
[2016-03-29 17:08:44] EDIT FOODILY/views/default/viewallposts.html: 0
[2016-03-29 17:08:44] EDIT FOODILY/views/default/viewallposts.html: 0
[2016-03-29 17:09:45] EDIT FOODILY/views/default/viewallposts.html: 0
[2016-03-29 17:09:45] EDIT FOODILY/views/default/viewallposts.html: 0
[2016-03-29 17:10:10] EDIT FOODILY/controllers/default.py: 0
[2016-03-29 17:10:11] EDIT FOODILY/controllers/default.py: 0
[2016-03-29 17:23:13] EDIT FOODILY/views/default/viewallposts.html: 0
[2016-03-29 17:23:13] EDIT FOODILY/views/default/viewallposts.html: 0
[2016-03-29 17:23:14] EDIT FOODILY/views/default/viewallposts.html: 0
[2016-03-29 17:23:45] EDIT FOODILY/views/default/viewallposts.html: 0
[2016-03-29 17:23:46] EDIT FOODILY/views/default/viewallposts.html: 0
[2016-03-29 17:23:46] EDIT FOODILY/views/default/viewallposts.html: 0
[2016-03-29 17:25:46] EDIT FOODILY/views/default/viewallposts.html: 0
[2016-03-29 17:42:19] EDIT FOODILY/views/default/viewallposts.html: 0
[2016-03-29 17:44:56] EDIT FOODILY/views/default/viewallposts.html: 0
[2016-03-29 17:44:57] EDIT FOODILY/views/default/viewallposts.html: 0
[2016-03-29 17:44:57] EDIT FOODILY/views/default/viewallposts.html: 0
[2016-03-29 17:45:05] EDIT FOODILY/views/default/viewallposts.html: 0
[2016-03-29 17:45:05] EDIT FOODILY/views/default/viewallposts.html: 0
[2016-03-29 17:45:05] EDIT FOODILY/views/default/viewallposts.html: 0
[2016-03-29 18:30:11] EDIT FOODILY/controllers/default.py: 0
[2016-03-29 18:30:11] EDIT FOODILY/controllers/default.py: 0
[2016-03-29 18:30:12] EDIT FOODILY/controllers/default.py: 0
[2016-03-29 18:30:12] EDIT FOODILY/controllers/default.py: 0
[2016-03-29 18:31:52] EDIT FOODILY/views/default/viewallposts.html: 0
[2016-03-29 18:31:52] EDIT FOODILY/views/default/viewallposts.html: 0
[2016-03-29 18:31:52] EDIT FOODILY/views/default/viewallposts.html: 0
[2016-03-29 18:31:52] EDIT FOODILY/views/default/viewallposts.html: 0
[2016-03-29 18:31:52] EDIT FOODILY/views/default/viewallposts.html: 0
[2016-03-29 18:31:53] EDIT FOODILY/views/default/viewallposts.html: 0
[2016-03-29 18:31:57] EDIT FOODILY/views/default/viewallposts.html: 0
[2016-03-29 18:31:58] EDIT FOODILY/views/default/viewallposts.html: 0
[2016-03-29 18:31:58] EDIT FOODILY/views/default/viewallposts.html: 0
[2016-03-29 18:34:38] EDIT FOODILY/views/default/viewallposts.html: 0
[2016-03-29 18:34:38] EDIT FOODILY/views/default/viewallposts.html: 0
[2016-03-29 18:34:39] EDIT FOODILY/views/default/viewallposts.html: 0
[2016-03-29 18:36:29] EDIT FOODILY/views/default/viewallposts.html: 0
[2016-03-29 18:36:29] EDIT FOODILY/views/default/viewallposts.html: 0
[2016-03-29 18:38:14] EDIT FOODILY/controllers/default.py: 0
[2016-03-29 18:38:14] EDIT FOODILY/controllers/default.py: 0
[2016-03-29 18:38:15] EDIT FOODILY/controllers/default.py: 0
[2016-03-29 18:38:15] EDIT FOODILY/controllers/default.py: 0
[2016-03-29 18:38:15] EDIT FOODILY/controllers/default.py: 0
[2016-03-29 18:38:15] EDIT FOODILY/controllers/default.py: 0
[2016-03-29 18:38:15] EDIT FOODILY/controllers/default.py: 0
[2016-03-29 18:43:28] EDIT FOODILY/views/default/viewallposts.html: 0
[2016-03-29 18:43:28] EDIT FOODILY/views/default/viewallposts.html: 0
[2016-03-29 18:43:28] EDIT FOODILY/views/default/viewallposts.html: 0
[2016-03-29 18:45:20] EDIT FOODILY/views/default/viewallposts.html: 0
[2016-03-29 18:45:21] EDIT FOODILY/views/default/viewallposts.html: 0
[2016-03-29 18:45:22] EDIT FOODILY/views/default/viewallposts.html: 0
[2016-03-29 18:45:44] EDIT FOODILY/views/default/viewallposts.html: 0
[2016-03-29 18:46:23] EDIT FOODILY/views/default/viewallposts.html: 0
[2016-03-29 18:46:23] EDIT FOODILY/views/default/viewallposts.html: 0
[2016-03-29 18:46:23] EDIT FOODILY/views/default/viewallposts.html: 0
[2016-03-29 18:47:22] EDIT FOODILY/views/default/viewallposts.html: 0
[2016-03-29 18:47:22] EDIT FOODILY/views/default/viewallposts.html: 0
[2016-03-29 18:47:22] EDIT FOODILY/views/default/viewallposts.html: 0
[2016-03-29 18:52:53] EDIT FOODILY/controllers/default.py: 0
[2016-03-29 18:52:54] EDIT FOODILY/controllers/default.py: 0
[2016-03-29 18:52:54] EDIT FOODILY/controllers/default.py: 0
[2016-03-29 18:53:42] EDIT FOODILY/controllers/default.py: 1
[2016-03-29 18:53:42] EDIT FOODILY/controllers/default.py: 0
[2016-03-29 18:53:45] EDIT FOODILY/controllers/default.py: 0
[2016-03-29 18:55:21] EDIT FOODILY/views/default/viewallposts.html: 0
[2016-03-29 18:55:22] EDIT FOODILY/views/default/viewallposts.html: 0
[2016-03-29 18:58:55] EDIT FOODILY/controllers/default.py: 0
[2016-03-29 18:58:55] EDIT FOODILY/controllers/default.py: 0
[2016-03-29 18:58:56] EDIT FOODILY/controllers/default.py: 0
[2016-03-29 18:58:56] EDIT FOODILY/controllers/default.py: 0
[2016-03-29 18:58:56] EDIT FOODILY/controllers/default.py: 0
[2016-03-29 18:59:54] EDIT FOODILY/views/default/viewallposts.html: 0
[2016-03-29 19:00:01] EDIT FOODILY/views/default/viewallposts.html: 0
[2016-03-29 19:00:01] EDIT FOODILY/views/default/viewallposts.html: 0
[2016-03-29 19:00:01] EDIT FOODILY/views/default/viewallposts.html: 0
[2016-03-29 19:00:38] EDIT FOODILY/views/default/viewallposts.html: 0
[2016-03-29 19:00:38] EDIT FOODILY/views/default/viewallposts.html: 0
[2016-03-29 19:00:38] EDIT FOODILY/views/default/viewallposts.html: 0
[2016-03-29 19:02:39] EDIT FOODILY/views/default/viewallposts.html: 0
[2016-03-29 19:04:49] EDIT FOODILY/views/default/viewallposts.html: 0
[2016-03-29 19:07:35] EDIT FOODILY/views/default/viewallposts.html: 0
[2016-03-29 19:07:36] EDIT FOODILY/views/default/viewallposts.html: 0
[2016-03-29 19:07:36] EDIT FOODILY/views/default/viewallposts.html: 0
[2016-03-29 19:07:58] EDIT FOODILY/views/default/viewallposts.html: 0
[2016-03-29 19:07:58] EDIT FOODILY/views/default/viewallposts.html: 0
[2016-03-29 19:08:06] EDIT FOODILY/views/default/viewallposts.html: 0
[2016-03-29 19:13:36] EDIT FOODILY/controllers/default.py: 2
[2016-03-29 19:13:36] EDIT FOODILY/controllers/default.py: 0
[2016-03-29 19:13:36] EDIT FOODILY/controllers/default.py: 0
[2016-03-29 19:13:36] EDIT FOODILY/controllers/default.py: 0
[2016-03-29 19:14:53] EDIT FOODILY/controllers/default.py: -2
[2016-03-29 19:14:53] EDIT FOODILY/controllers/default.py: 0
[2016-03-29 19:15:57] EDIT FOODILY/views/default/viewallposts.html: 0
[2016-03-29 19:16:23] EDIT FOODILY/views/default/viewallposts.html: 0
[2016-03-29 19:16:23] EDIT FOODILY/views/default/viewallposts.html: 0
[2016-03-29 19:16:50] EDIT FOODILY/views/default/viewallposts.html: 0
[2016-03-29 19:17:00] EDIT FOODILY/views/default/viewallposts.html: 0
[2016-03-29 19:17:00] EDIT FOODILY/views/default/viewallposts.html: 0
[2016-03-29 19:17:00] EDIT FOODILY/views/default/viewallposts.html: 0
[2016-03-29 19:18:09] EDIT FOODILY/views/default/viewallposts.html: 0
[2016-03-29 19:20:41] EDIT FOODILY/views/default/viewallposts.html: -8
[2016-03-29 19:20:42] EDIT FOODILY/views/default/viewallposts.html: 0
[2016-03-29 19:21:01] EDIT FOODILY/views/default/viewallposts.html: -1
[2016-03-29 19:21:01] EDIT FOODILY/views/default/viewallposts.html: 0
[2016-03-29 19:21:41] EDIT FOODILY/controllers/default.py: 0
[2016-03-29 19:21:42] EDIT FOODILY/controllers/default.py: 0
[2016-03-29 19:21:42] EDIT FOODILY/controllers/default.py: 0
[2016-03-29 19:21:54] EDIT FOODILY/views/default/viewallposts.html: 1
[2016-03-29 19:21:54] EDIT FOODILY/views/default/viewallposts.html: 0
[2016-03-29 19:22:24] EDIT FOODILY/controllers/default.py: 1
[2016-03-29 19:22:30] EDIT FOODILY/controllers/default.py: 0
[2016-03-29 19:22:30] EDIT FOODILY/controllers/default.py: 0
[2016-03-29 19:23:12] EDIT FOODILY/controllers/default.py: 0
[2016-03-29 19:23:13] EDIT FOODILY/controllers/default.py: 0
[2016-03-29 19:23:13] EDIT FOODILY/controllers/default.py: 0
[2016-03-29 19:27:48] EDIT FOODILY/views/default/viewallposts.html: 0
[2016-03-29 19:29:24] EDIT FOODILY/views/default/viewallposts.html: 8
[2016-03-29 19:30:11] EDIT FOODILY/views/default/viewallposts.html: 0
[2016-03-29 19:30:11] EDIT FOODILY/views/default/viewallposts.html: 0
[2016-03-29 19:30:15] EDIT FOODILY/views/default/viewallposts.html: 0
[2016-03-29 19:31:25] EDIT FOODILY/views/default/viewallposts.html: 0
[2016-03-29 19:31:26] EDIT FOODILY/views/default/viewallposts.html: 0
[2016-03-29 19:31:26] EDIT FOODILY/views/default/viewallposts.html: 0
[2016-03-29 19:32:08] EDIT FOODILY/views/default/viewallposts.html: 0
[2016-03-29 19:32:08] EDIT FOODILY/views/default/viewallposts.html: 0
[2016-03-29 19:32:09] EDIT FOODILY/views/default/viewallposts.html: 0
[2016-03-29 19:36:32] EDIT FOODILY/views/default/viewallposts.html: 0
[2016-03-29 19:36:33] EDIT FOODILY/views/default/viewallposts.html: 0
[2016-03-29 19:36:36] EDIT FOODILY/views/default/viewallposts.html: 0
[2016-03-29 19:37:25] EDIT FOODILY/views/default/viewallposts.html: 0
[2016-03-29 19:37:26] EDIT FOODILY/views/default/viewallposts.html: 0
[2016-03-29 19:37:26] EDIT FOODILY/views/default/viewallposts.html: 0
[2016-03-29 19:37:30] EDIT FOODILY/views/default/viewallposts.html: 0
[2016-03-29 19:41:42] EDIT FOODILY/views/default/viewallposts.html: 1
[2016-03-29 19:41:43] EDIT FOODILY/views/default/viewallposts.html: 0
[2016-03-29 19:47:01] EDIT FOODILY/views/default/viewallposts.html: -1
[2016-03-29 19:49:44] EDIT FOODILY/views/default/viewallposts.html: 0
[2016-03-29 19:54:30] EDIT FOODILY/controllers/default.py: 0
[2016-03-29 19:54:30] EDIT FOODILY/controllers/default.py: 0
[2016-03-29 19:56:02] EDIT FOODILY/views/default/viewallposts.html: -9
[2016-03-29 19:58:15] EDIT FOODILY/views/default/viewallposts.html: 2
[2016-03-29 19:58:15] EDIT FOODILY/views/default/viewallposts.html: 0
[2016-03-29 19:58:39] EDIT FOODILY/views/default/viewmyposts.html: 1
[2016-03-29 19:58:39] EDIT FOODILY/views/default/viewmyposts.html: 0
[2016-03-29 19:59:07] EDIT FOODILY/views/default/viewallposts.html: -1
[2016-03-29 20:04:44] EDIT FOODILY/views/default/viewallposts.html: 4
[2016-03-29 20:05:57] EDIT FOODILY/views/default/viewallposts.html: 4
[2016-03-29 20:05:57] EDIT FOODILY/views/default/viewallposts.html: 0
[2016-03-29 20:07:37] EDIT FOODILY/views/default/viewallposts.html: 0
[2016-03-29 20:07:41] EDIT FOODILY/views/default/viewallposts.html: 0
[2016-03-29 20:42:11] EDIT FOODILY/views/default/viewallposts.html: 0
[2016-03-29 20:43:18] EDIT FOODILY/views/default/viewallposts.html: 0
[2016-03-29 20:44:48] EDIT FOODILY/views/default/recipe.html: 2
[2016-03-29 20:45:13] EDIT FOODILY/views/default/recipe.html: 0
[2016-03-29 20:46:29] EDIT FOODILY/views/default/viewallposts.html: 0
[2016-03-29 20:46:32] EDIT FOODILY/views/default/viewallposts.html: 0
[2016-03-29 20:52:19] CREATE feedback.html: 0
[2016-03-29 20:53:39] EDIT FOODILY/views/feedback.html: 49
[2016-03-29 20:54:16] EDIT FOODILY/views/default/index.html: 0
[2016-03-29 20:54:30] EDIT FOODILY/views/default/index.html: 0
[2016-03-29 20:54:55] EDIT FOODILY/views/default/index.html: 0
[2016-03-29 20:55:09] EDIT FOODILY/views/default/index.html: 0
[2016-03-29 20:56:15] EDIT FOODILY/views/default/index.html: 0
[2016-03-29 20:57:09] EDIT FOODILY/views/default/index.html: 0
[2016-03-29 20:57:10] EDIT FOODILY/views/default/index.html: 0
[2016-03-29 20:58:01] EDIT FOODILY/controllers/default.py: 3
[2016-03-29 20:58:20] EDIT FOODILY/controllers/default.py: 0
[2016-03-29 20:59:24] CREATE default/feedback.html: 0
[2016-03-29 20:59:34] EDIT FOODILY/views/default/feedback.html: 49
[2016-03-29 21:01:23] EDIT FOODILY/views/default/index.html: 0
[2016-03-29 21:01:34] EDIT FOODILY/views/default/index.html: 0
[2016-03-29 21:01:34] EDIT FOODILY/views/default/index.html: 0
[2016-03-29 21:06:16] EDIT FOODILY/views/default/feedback.html: -45
[2016-03-29 21:06:49] EDIT FOODILY/views/default/feedback.html: 6
[2016-03-29 21:07:26] EDIT FOODILY/views/default/index.html: 0
[2016-03-29 21:08:03] EDIT FOODILY/controllers/default.py: -1
[2016-03-29 21:09:50] EDIT FOODILY/controllers/default.py: 0
[2016-03-29 21:09:51] EDIT FOODILY/controllers/default.py: 0
[2016-03-29 21:10:26] EDIT FOODILY/controllers/default.py: 1
[2016-03-29 21:10:32] EDIT FOODILY/controllers/default.py: 0
[2016-03-29 21:11:44] EDIT FOODILY/controllers/default.py: 0
[2016-03-29 21:11:44] EDIT FOODILY/controllers/default.py: 0
[2016-03-29 21:11:44] EDIT FOODILY/controllers/default.py: 0
[2016-03-29 21:12:06] EDIT FOODILY/controllers/default.py: -1
[2016-03-29 21:13:00] DELETE FOODILY/views/feedback.html: -52
[2016-03-29 21:14:29] EDIT FOODILY/views/default/index.html: 0
[2016-03-29 21:16:01] EDIT FOODILY/views/default/index.html: 0
[2016-03-29 21:17:24] EDIT FOODILY/views/default/index.html: 0
[2016-03-29 21:17:36] EDIT FOODILY/views/default/index.html: 0
[2016-03-29 21:17:58] EDIT FOODILY/views/default/feedback.html: 0
[2016-03-29 21:18:14] EDIT FOODILY/views/default/feedback.html: 0
[2016-03-29 21:18:20] EDIT FOODILY/views/default/feedback.html: 0
[2016-03-29 21:19:58] EDIT FOODILY/views/default/index.html: 0
[2016-03-29 21:21:19] EDIT FOODILY/views/default/index.html: 0
[2016-03-29 21:21:20] EDIT FOODILY/views/default/index.html: 0
[2016-03-29 21:21:20] EDIT FOODILY/views/default/index.html: 0
[2016-03-29 21:21:20] EDIT FOODILY/views/default/index.html: 0
[2016-03-29 21:21:20] EDIT FOODILY/views/default/index.html: 0
[2016-03-29 21:22:31] EDIT FOODILY/views/default/index.html: 0
[2016-03-29 21:25:14] EDIT FOODILY/models/menu.py: 3
[2016-03-29 21:25:29] EDIT FOODILY/models/menu.py: -3
